#
# There is insufficient memory for the Java Runtime Environment to continue.
# Native memory allocation (malloc) failed to allocate 32744 bytes for ChunkPool::allocate
# Possible reasons:
#   The system is out of physical RAM or swap space
#   In 32 bit mode, the process size limit was hit
# Possible solutions:
#   Reduce memory load on the system
#   Increase physical memory or swap space
#   Check if swap backing store is full
#   Use 64 bit Java on a 64 bit OS
#   Decrease Java heap size (-Xmx/-Xms)
#   Decrease number of Java threads
#   Decrease Java thread stack sizes (-Xss)
#   Set larger code cache with -XX:ReservedCodeCacheSize=
# This output file may be truncated or incomplete.
#
#  Out of Memory Error (allocation.cpp:273), pid=21076, tid=0x00000000000089cc
#
# JRE version: Java(TM) SE Runtime Environment (8.0_121-b13) (build 1.8.0_121-b13)
# Java VM: Java HotSpot(TM) 64-Bit Server VM (25.121-b13 mixed mode windows-amd64 compressed oops)
# Failed to write core dump. Minidumps are not enabled by default on client versions of Windows
#

---------------  T H R E A D  ---------------

Current thread (0x0000000002f28800):  JavaThread "main" [_thread_in_vm, id=35276, stack(0x0000000002e20000,0x0000000002f20000)]

Stack: [0x0000000002e20000,0x0000000002f20000]
[error occurred during error reporting (printing stack bounds), id 0xc0000005]

Native frames: (J=compiled Java code, j=interpreted, Vv=VM code, C=native code)

Java frames: (J=compiled Java code, j=interpreted, Vv=VM code)
J 755  java.lang.Throwable.fillInStackTrace(I)Ljava/lang/Throwable; (0 bytes) @ 0x00000000032835bb [0x0000000003283580+0x3b]
J 688 C1 java.lang.Throwable.fillInStackTrace()Ljava/lang/Throwable; (29 bytes) @ 0x0000000003261ce4 [0x0000000003261bc0+0x124]
J 2026 C1 java.lang.Throwable.<init>(Ljava/lang/String;Ljava/lang/Throwable;)V (39 bytes) @ 0x000000000348e224 [0x000000000348e180+0xa4]
J 735 C1 java.lang.ClassNotFoundException.<init>(Ljava/lang/String;)V (7 bytes) @ 0x0000000003276e5c [0x0000000003276e20+0x3c]
J 651 C1 java.net.URLClassLoader.findClass(Ljava/lang/String;)Ljava/lang/Class; (47 bytes) @ 0x000000000324f714 [0x000000000324f5c0+0x154]
J 2060 C1 java.lang.ClassLoader.loadClass(Ljava/lang/String;Z)Ljava/lang/Class; (122 bytes) @ 0x000000000349eb64 [0x000000000349e860+0x304]
J 605 C1 sun.misc.Launcher$AppClassLoader.loadClass(Ljava/lang/String;Z)Ljava/lang/Class; (85 bytes) @ 0x000000000323a6c4 [0x000000000323a3e0+0x2e4]
J 603 C1 java.lang.ClassLoader.loadClass(Ljava/lang/String;)Ljava/lang/Class; (7 bytes) @ 0x000000000323a0a4 [0x000000000323a060+0x44]
v  ~StubRoutines::call_stub
J 677  java.lang.Class.forName0(Ljava/lang/String;ZLjava/lang/ClassLoader;Ljava/lang/Class;)Ljava/lang/Class; (0 bytes) @ 0x0000000003257f47 [0x0000000003257ec0+0x87]
J 759 C1 java.lang.Class.forName(Ljava/lang/String;ZLjava/lang/ClassLoader;)Ljava/lang/Class; (53 bytes) @ 0x000000000328482c [0x0000000003284700+0x12c]
j  org.springframework.boot.web.embedded.tomcat.TomcatEmbeddedWebappClassLoader.loadFromParent(Ljava/lang/String;)Ljava/lang/Class;+15
j  org.springframework.boot.web.embedded.tomcat.TomcatEmbeddedWebappClassLoader.doLoadClass(Ljava/lang/String;)Ljava/lang/Class;+23
j  org.springframework.boot.web.embedded.tomcat.TomcatEmbeddedWebappClassLoader.loadClass(Ljava/lang/String;Z)Ljava/lang/Class;+27
j  org.apache.catalina.loader.WebappClassLoaderBase.loadClass(Ljava/lang/String;)Ljava/lang/Class;+3
v  ~StubRoutines::call_stub
J 677  java.lang.Class.forName0(Ljava/lang/String;ZLjava/lang/ClassLoader;Ljava/lang/Class;)Ljava/lang/Class; (0 bytes) @ 0x0000000003257f47 [0x0000000003257ec0+0x87]
J 759 C1 java.lang.Class.forName(Ljava/lang/String;ZLjava/lang/ClassLoader;)Ljava/lang/Class; (53 bytes) @ 0x000000000328482c [0x0000000003284700+0x12c]
j  com.sun.beans.finder.ClassFinder.findClass(Ljava/lang/String;)Ljava/lang/Class;+26
j  com.sun.beans.finder.ClassFinder.findClass(Ljava/lang/String;Ljava/lang/ClassLoader;)Ljava/lang/Class;+21
j  java.beans.Introspector.findCustomizerClass(Ljava/lang/Class;)Ljava/lang/Class;+28
j  java.beans.Introspector.getTargetBeanDescriptor()Ljava/beans/BeanDescriptor;+35
j  java.beans.Introspector.getBeanInfo()Ljava/beans/BeanInfo;+1
j  java.beans.Introspector.getBeanInfo(Ljava/lang/Class;Ljava/lang/Class;I)Ljava/beans/BeanInfo;+27
j  java.beans.Introspector.getBeanInfo(Ljava/lang/Class;I)Ljava/beans/BeanInfo;+3
j  org.springframework.beans.CachedIntrospectionResults.getBeanInfo(Ljava/lang/Class;)Ljava/beans/BeanInfo;+53
j  org.springframework.beans.CachedIntrospectionResults.<init>(Ljava/lang/Class;)V+52
j  org.springframework.beans.CachedIntrospectionResults.forClass(Ljava/lang/Class;)Lorg/springframework/beans/CachedIntrospectionResults;+43
j  org.springframework.beans.BeanWrapperImpl.getCachedIntrospectionResults()Lorg/springframework/beans/CachedIntrospectionResults;+12
j  org.springframework.beans.BeanWrapperImpl.getPropertyDescriptors()[Ljava/beans/PropertyDescriptor;+1
j  org.springframework.beans.factory.support.AbstractAutowireCapableBeanFactory.filterPropertyDescriptorsForDependencyCheck(Lorg/springframework/beans/BeanWrapper;)[Ljava/beans/PropertyDescriptor;+5
j  org.springframework.beans.factory.support.AbstractAutowireCapableBeanFactory.filterPropertyDescriptorsForDependencyCheck(Lorg/springframework/beans/BeanWrapper;Z)[Ljava/beans/PropertyDescriptor;+25
j  org.springframework.beans.factory.support.AbstractAutowireCapableBeanFactory.populateBean(Ljava/lang/String;Lorg/springframework/beans/factory/support/RootBeanDefinition;Lorg/springframework/beans/BeanWrapper;)V+328
j  org.springframework.beans.factory.support.AbstractAutowireCapableBeanFactory.doCreateBean(Ljava/lang/String;Lorg/springframework/beans/factory/support/RootBeanDefinition;[Ljava/lang/Object;)Ljava/lang/Object;+237
j  org.springframework.beans.factory.support.AbstractAutowireCapableBeanFactory.createBean(Ljava/lang/String;Lorg/springframework/beans/factory/support/RootBeanDefinition;[Ljava/lang/Object;)Ljava/lang/Object;+169
j  org.springframework.beans.factory.support.AbstractBeanFactory.lambda$doGetBean$0(Ljava/lang/String;Lorg/springframework/beans/factory/support/RootBeanDefinition;[Ljava/lang/Object;)Ljava/lang/Object;+4
j  org.springframework.beans.factory.support.AbstractBeanFactory$$Lambda$120.getObject()Ljava/lang/Object;+16
j  org.springframework.beans.factory.support.DefaultSingletonBeanRegistry.getSingleton(Ljava/lang/String;Lorg/springframework/beans/factory/ObjectFactory;)Ljava/lang/Object;+132
J 2591 C1 org.springframework.beans.factory.support.AbstractBeanFactory.doGetBean(Ljava/lang/String;Ljava/lang/Class;[Ljava/lang/Object;Z)Ljava/lang/Object; (833 bytes) @ 0x00000000035bddcc [0x00000000035bd800+0x5cc]
j  org.springframework.beans.factory.support.AbstractBeanFactory.getBean(Ljava/lang/String;)Ljava/lang/Object;+5
j  org.springframework.beans.factory.config.DependencyDescriptor.resolveCandidate(Ljava/lang/String;Ljava/lang/Class;Lorg/springframework/beans/factory/BeanFactory;)Ljava/lang/Object;+2
j  org.springframework.beans.factory.support.DefaultListableBeanFactory.addCandidateEntry(Ljava/util/Map;Ljava/lang/String;Lorg/springframework/beans/factory/config/DependencyDescriptor;Ljava/lang/Class;)V+68
j  org.springframework.beans.factory.support.DefaultListableBeanFactory.findAutowireCandidates(Ljava/lang/String;Ljava/lang/Class;Lorg/springframework/beans/factory/config/DependencyDescriptor;)Ljava/util/Map;+183
j  org.springframework.beans.factory.support.DefaultListableBeanFactory.resolveMultipleBeans(Lorg/springframework/beans/factory/config/DependencyDescriptor;Ljava/lang/String;Ljava/util/Set;Lorg/springframework/beans/TypeConverter;)Ljava/lang/Object;+18
j  org.springframework.beans.factory.support.DefaultListableBeanFactory.doResolveDependency(Lorg/springframework/beans/factory/config/DependencyDescriptor;Ljava/lang/String;Ljava/util/Set;Lorg/springframework/beans/TypeConverter;)Ljava/lang/Object;+207
j  org.springframework.beans.factory.support.DefaultListableBeanFactory$DependencyObjectProvider.resolveStream(Z)Ljava/util/stream/Stream;+24
j  org.springframework.beans.factory.support.DefaultListableBeanFactory$DependencyObjectProvider.orderedStream()Ljava/util/stream/Stream;+2
j  org.springframework.boot.actuate.autoconfigure.metrics.MeterRegistryConfigurer.addBinders(Lio/micrometer/core/instrument/MeterRegistry;)V+4
j  org.springframework.boot.actuate.autoconfigure.metrics.MeterRegistryConfigurer.configure(Lio/micrometer/core/instrument/MeterRegistry;)V+12
j  org.springframework.boot.actuate.autoconfigure.metrics.MeterRegistryPostProcessor.postProcessAfterInitialization(Ljava/lang/Object;Ljava/lang/String;)Ljava/lang/Object;+15
j  org.springframework.beans.factory.support.AbstractAutowireCapableBeanFactory.applyBeanPostProcessorsAfterInitialization(Ljava/lang/Object;Ljava/lang/String;)Ljava/lang/Object;+39
j  org.springframework.beans.factory.support.AbstractAutowireCapableBeanFactory.initializeBean(Ljava/lang/String;Ljava/lang/Object;Lorg/springframework/beans/factory/support/RootBeanDefinition;)Ljava/lang/Object;+108
j  org.springframework.beans.factory.support.AbstractAutowireCapableBeanFactory.doCreateBean(Ljava/lang/String;Lorg/springframework/beans/factory/support/RootBeanDefinition;[Ljava/lang/Object;)Ljava/lang/Object;+245
j  org.springframework.beans.factory.support.AbstractAutowireCapableBeanFactory.createBean(Ljava/lang/String;Lorg/springframework/beans/factory/support/RootBeanDefinition;[Ljava/lang/Object;)Ljava/lang/Object;+169
j  org.springframework.beans.factory.support.AbstractBeanFactory.lambda$doGetBean$0(Ljava/lang/String;Lorg/springframework/beans/factory/support/RootBeanDefinition;[Ljava/lang/Object;)Ljava/lang/Object;+4
j  org.springframework.beans.factory.support.AbstractBeanFactory$$Lambda$120.getObject()Ljava/lang/Object;+16
j  org.springframework.beans.factory.support.DefaultSingletonBeanRegistry.getSingleton(Ljava/lang/String;Lorg/springframework/beans/factory/ObjectFactory;)Ljava/lang/Object;+132
J 2591 C1 org.springframework.beans.factory.support.AbstractBeanFactory.doGetBean(Ljava/lang/String;Ljava/lang/Class;[Ljava/lang/Object;Z)Ljava/lang/Object; (833 bytes) @ 0x00000000035bddcc [0x00000000035bd800+0x5cc]
j  org.springframework.beans.factory.support.AbstractBeanFactory.getBean(Ljava/lang/String;)Ljava/lang/Object;+5
j  org.springframework.beans.factory.config.DependencyDescriptor.resolveCandidate(Ljava/lang/String;Ljava/lang/Class;Lorg/springframework/beans/factory/BeanFactory;)Ljava/lang/Object;+2
j  org.springframework.beans.factory.support.DefaultListableBeanFactory.doResolveDependency(Lorg/springframework/beans/factory/config/DependencyDescriptor;Ljava/lang/String;Ljava/util/Set;Lorg/springframework/beans/TypeConverter;)Ljava/lang/Object;+440
j  org.springframework.beans.factory.support.DefaultListableBeanFactory.resolveDependency(Lorg/springframework/beans/factory/config/DependencyDescriptor;Ljava/lang/String;Ljava/util/Set;Lorg/springframework/beans/TypeConverter;)Ljava/lang/Object;+108
j  org.springframework.beans.factory.support.ConstructorResolver.resolveAutowiredArgument(Lorg/springframework/core/MethodParameter;Ljava/lang/String;Ljava/util/Set;Lorg/springframework/beans/TypeConverter;Z)Ljava/lang/Object;+79
j  org.springframework.beans.factory.support.ConstructorResolver.createArgumentArray(Ljava/lang/String;Lorg/springframework/beans/factory/support/RootBeanDefinition;Lorg/springframework/beans/factory/config/ConstructorArgumentValues;Lorg/springframework/beans/BeanWrapper;[Ljava/lang/Class;[Ljava/lang/String;Ljava/lang/reflect/Executable;ZZ)Lorg/springframework/beans/factory/support/ConstructorResolver$ArgumentsHolder;+434
j  org.springframework.beans.factory.support.ConstructorResolver.instantiateUsingFactoryMethod(Ljava/lang/String;Lorg/springframework/beans/factory/support/RootBeanDefinition;[Ljava/lang/Object;)Lorg/springframework/beans/BeanWrapper;+674
j  org.springframework.beans.factory.support.AbstractAutowireCapableBeanFactory.instantiateUsingFactoryMethod(Ljava/lang/String;Lorg/springframework/beans/factory/support/RootBeanDefinition;[Ljava/lang/Object;)Lorg/springframework/beans/BeanWrapper;+11
j  org.springframework.beans.factory.support.AbstractAutowireCapableBeanFactory.createBeanInstance(Ljava/lang/String;Lorg/springframework/beans/factory/support/RootBeanDefinition;[Ljava/lang/Object;)Lorg/springframework/beans/BeanWrapper;+101
j  org.springframework.beans.factory.support.AbstractAutowireCapableBeanFactory.doCreateBean(Ljava/lang/String;Lorg/springframework/beans/factory/support/RootBeanDefinition;[Ljava/lang/Object;)Ljava/lang/Object;+34
j  org.springframework.beans.factory.support.AbstractAutowireCapableBeanFactory.createBean(Ljava/lang/String;Lorg/springframework/beans/factory/support/RootBeanDefinition;[Ljava/lang/Object;)Ljava/lang/Object;+169
j  org.springframework.beans.factory.support.AbstractBeanFactory.lambda$doGetBean$0(Ljava/lang/String;Lorg/springframework/beans/factory/support/RootBeanDefinition;[Ljava/lang/Object;)Ljava/lang/Object;+4
j  org.springframework.beans.factory.support.AbstractBeanFactory$$Lambda$120.getObject()Ljava/lang/Object;+16
j  org.springframework.beans.factory.support.DefaultSingletonBeanRegistry.getSingleton(Ljava/lang/String;Lorg/springframework/beans/factory/ObjectFactory;)Ljava/lang/Object;+132
J 2591 C1 org.springframework.beans.factory.support.AbstractBeanFactory.doGetBean(Ljava/lang/String;Ljava/lang/Class;[Ljava/lang/Object;Z)Ljava/lang/Object; (833 bytes) @ 0x00000000035bddcc [0x00000000035bd800+0x5cc]
J 2613 C1 org.springframework.beans.factory.support.AbstractBeanFactory.getBean(Ljava/lang/String;Ljava/lang/Class;)Ljava/lang/Object; (9 bytes) @ 0x00000000035d37a4 [0x00000000035d3760+0x44]
j  org.springframework.boot.web.servlet.ServletContextInitializerBeans.getOrderedBeansOfType(Lorg/springframework/beans/factory/ListableBeanFactory;Ljava/lang/Class;Ljava/util/Set;)Ljava/util/List;+69
j  org.springframework.boot.web.servlet.ServletContextInitializerBeans.getOrderedBeansOfType(Lorg/springframework/beans/factory/ListableBeanFactory;Ljava/lang/Class;)Ljava/util/List;+6
j  org.springframework.boot.web.servlet.ServletContextInitializerBeans.addServletContextInitializerBeans(Lorg/springframework/beans/factory/ListableBeanFactory;)V+32
j  org.springframework.boot.web.servlet.ServletContextInitializerBeans.<init>(Lorg/springframework/beans/factory/ListableBeanFactory;[Ljava/lang/Class;)V+49
j  org.springframework.boot.web.servlet.context.ServletWebServerApplicationContext.getServletContextInitializerBeans()Ljava/util/Collection;+12
j  org.springframework.boot.web.servlet.context.ServletWebServerApplicationContext.selfInitialize(Ljavax/servlet/ServletContext;)V+19
j  org.springframework.boot.web.servlet.context.ServletWebServerApplicationContext$$Lambda$409.onStartup(Ljavax/servlet/ServletContext;)V+5
j  org.springframework.boot.web.embedded.tomcat.TomcatStarter.onStartup(Ljava/util/Set;Ljavax/servlet/ServletContext;)V+28
j  org.apache.catalina.core.StandardContext.startInternal()V+1129
j  org.apache.catalina.util.LifecycleBase.start()V+210
j  org.apache.catalina.core.ContainerBase$StartChild.call()Ljava/lang/Void;+4
j  org.apache.catalina.core.ContainerBase$StartChild.call()Ljava/lang/Object;+1
j  java.util.concurrent.FutureTask.run()V+42
j  org.apache.tomcat.util.threads.InlineExecutorService.execute(Ljava/lang/Runnable;)V+38
j  java.util.concurrent.AbstractExecutorService.submit(Ljava/util/concurrent/Callable;)Ljava/util/concurrent/Future;+20
j  org.apache.catalina.core.ContainerBase.startInternal()V+93
j  org.apache.catalina.core.StandardHost.startInternal()V+153
j  org.apache.catalina.util.LifecycleBase.start()V+210
j  org.apache.catalina.core.ContainerBase$StartChild.call()Ljava/lang/Void;+4
j  org.apache.catalina.core.ContainerBase$StartChild.call()Ljava/lang/Object;+1
j  java.util.concurrent.FutureTask.run()V+42
j  org.apache.tomcat.util.threads.InlineExecutorService.execute(Ljava/lang/Runnable;)V+38
j  java.util.concurrent.AbstractExecutorService.submit(Ljava/util/concurrent/Callable;)Ljava/util/concurrent/Future;+20
j  org.apache.catalina.core.ContainerBase.startInternal()V+93
j  org.apache.catalina.core.StandardEngine.startInternal()V+38
j  org.apache.catalina.util.LifecycleBase.start()V+210
j  org.apache.catalina.core.StandardService.startInternal()V+63
j  org.apache.catalina.util.LifecycleBase.start()V+210
j  org.apache.catalina.core.StandardServer.startInternal()V+45
j  org.apache.catalina.util.LifecycleBase.start()V+210
j  org.apache.catalina.startup.Tomcat.start()V+9
j  org.springframework.boot.web.embedded.tomcat.TomcatWebServer.initialize()V+64
j  org.springframework.boot.web.embedded.tomcat.TomcatWebServer.<init>(Lorg/apache/catalina/startup/Tomcat;Z)V+43
j  org.springframework.boot.web.embedded.tomcat.TomcatServletWebServerFactory.getTomcatWebServer(Lorg/apache/catalina/startup/Tomcat;)Lorg/springframework/boot/web/embedded/tomcat/TomcatWebServer;+17
j  org.springframework.boot.web.embedded.tomcat.TomcatServletWebServerFactory.getWebServer([Lorg/springframework/boot/web/servlet/ServletContextInitializer;)Lorg/springframework/boot/web/server/WebServer;+149
j  org.springframework.boot.web.servlet.context.ServletWebServerApplicationContext.createWebServer()V+36
j  org.springframework.boot.web.servlet.context.ServletWebServerApplicationContext.onRefresh()V+5
j  org.springframework.context.support.AbstractApplicationContext.refresh()V+45
j  org.springframework.boot.web.servlet.context.ServletWebServerApplicationContext.refresh()V+1
j  org.springframework.boot.SpringApplication.refresh(Lorg/springframework/context/ApplicationContext;)V+10
j  org.springframework.boot.SpringApplication.refreshContext(Lorg/springframework/context/ConfigurableApplicationContext;)V+2
j  org.springframework.boot.SpringApplication.run([Ljava/lang/String;)Lorg/springframework/context/ConfigurableApplicationContext;+118
j  org.springframework.boot.SpringApplication.run([Ljava/lang/Class;[Ljava/lang/String;)Lorg/springframework/context/ConfigurableApplicationContext;+9
j  org.springframework.boot.SpringApplication.run(Ljava/lang/Class;[Ljava/lang/String;)Lorg/springframework/context/ConfigurableApplicationContext;+9
j  com.mm.account.accountservice.AccountServiceApplication.main([Ljava/lang/String;)V+3
v  ~StubRoutines::call_stub

---------------  P R O C E S S  ---------------

Java Threads: ( => current thread )
  0x000000001b6e6800 JavaThread "Keep-Alive-Timer" daemon [_thread_blocked, id=22284, stack(0x000000001cb10000,0x000000001cc10000)]
  0x000000001a1f8800 JavaThread "JMX server connection timeout 18" daemon [_thread_blocked, id=21488, stack(0x000000001ae40000,0x000000001af40000)]
  0x000000001a1d4000 JavaThread "RMI Scheduler(0)" daemon [_thread_blocked, id=28636, stack(0x000000001ad40000,0x000000001ae40000)]
  0x000000001a1d3000 JavaThread "RMI TCP Connection(2)-127.0.0.1" daemon [_thread_in_native, id=27220, stack(0x000000001ac40000,0x000000001ad40000)]
  0x000000001a169000 JavaThread "RMI TCP Connection(1)-127.0.0.1" daemon [_thread_in_native, id=12732, stack(0x000000001ab40000,0x000000001ac40000)]
  0x0000000019fd2800 JavaThread "RMI TCP Accept-0" daemon [_thread_in_native, id=30532, stack(0x000000001a500000,0x000000001a600000)]
  0x0000000019fc5000 JavaThread "RMI TCP Accept-57132" daemon [_thread_in_native, id=14768, stack(0x000000001a400000,0x000000001a500000)]
  0x0000000019fb5000 JavaThread "RMI TCP Accept-0" daemon [_thread_in_native, id=33344, stack(0x000000001a300000,0x000000001a400000)]
  0x0000000017cfb800 JavaThread "Service Thread" daemon [_thread_blocked, id=32932, stack(0x0000000019a00000,0x0000000019b00000)]
  0x0000000019518800 JavaThread "C1 CompilerThread2" daemon [_thread_in_native, id=36224, stack(0x0000000019900000,0x0000000019a00000)]
  0x0000000017ce9800 JavaThread "C2 CompilerThread1" daemon [_thread_blocked, id=30064, stack(0x0000000019400000,0x0000000019500000)]
  0x0000000017ca9000 JavaThread "C2 CompilerThread0" daemon [_thread_blocked, id=34072, stack(0x0000000019300000,0x0000000019400000)]
  0x0000000017ca5800 JavaThread "Attach Listener" daemon [_thread_blocked, id=32680, stack(0x0000000019200000,0x0000000019300000)]
  0x0000000017ca4800 JavaThread "Signal Dispatcher" daemon [_thread_blocked, id=14380, stack(0x0000000019100000,0x0000000019200000)]
  0x0000000017c90000 JavaThread "Finalizer" daemon [_thread_blocked, id=32276, stack(0x0000000018f00000,0x0000000019000000)]
  0x0000000017c68800 JavaThread "Reference Handler" daemon [_thread_blocked, id=33512, stack(0x0000000018e00000,0x0000000018f00000)]
=>0x0000000002f28800 JavaThread "main" [_thread_in_vm, id=35276, stack(0x0000000002e20000,0x0000000002f20000)]

Other Threads:
  0x0000000017c67000 VMThread [stack: 0x0000000018d00000,0x0000000018e00000] [id=26112]
  0x0000000019fd3800 WatcherThread [stack: 0x000000001a600000,0x000000001a700000] [id=34532]

VM state:not at safepoint (normal execution)

VM Mutex/Monitor currently owned by a thread: None

Heap:
 PSYoungGen      total 200704K, used 58255K [0x00000000d5580000, 0x00000000e4500000, 0x0000000100000000)
  eden space 185856K, 31% used [0x00000000d5580000,0x00000000d8e63d58,0x00000000e0b00000)
  from space 14848K, 0% used [0x00000000e0b00000,0x00000000e0b00000,0x00000000e1980000)
  to   space 11264K, 0% used [0x00000000e1980000,0x00000000e1980000,0x00000000e2480000)
 ParOldGen       total 53760K, used 21158K [0x0000000080000000, 0x0000000083480000, 0x00000000d5580000)
  object space 53760K, 39% used [0x0000000080000000,0x00000000814a9b78,0x0000000083480000)
 Metaspace       used 35502K, capacity 37188K, committed 37464K, reserved 1081344K
  class space    used 4831K, capacity 5169K, committed 5248K, reserved 1048576K

Card table byte_map: [0x0000000012410000,0x0000000012820000] byte_map_base: 0x0000000012010000

Marking Bits: (ParMarkBitMap*) 0x0000000069a4b6d0
 Begin Bits: [0x0000000012ed0000, 0x0000000014ed0000)
 End Bits:   [0x0000000014ed0000, 0x0000000016ed0000)

Polling page: 0x0000000003020000

CodeCache: size=245760Kb used=7830Kb max_used=7830Kb free=237929Kb
 bounds [0x0000000003050000, 0x0000000003800000, 0x0000000012050000]
 total_blobs=4248 nmethods=3789 adapters=372
 compilation: enabled

Compilation events (10 events):
Event: 8.642 Thread 0x0000000019518800 nmethod 3785 0x00000000037f4050 code [0x00000000037f41c0, 0x00000000037f4338]
Event: 8.642 Thread 0x0000000019518800 3786       1       org.springframework.beans.factory.support.DefaultSingletonBeanRegistry::isSingletonCurrentlyInCreation (11 bytes)
Event: 8.642 Thread 0x0000000019518800 nmethod 3786 0x00000000037f4450 code [0x00000000037f45a0, 0x00000000037f46e8]
Event: 8.652 Thread 0x0000000019518800 3787       1       org.springframework.asm.ClassVisitor::visitSource (17 bytes)
Event: 8.652 Thread 0x0000000019518800 nmethod 3787 0x00000000037f4750 code [0x00000000037f48a0, 0x00000000037f49e8]
Event: 8.653 Thread 0x0000000019518800 3788       1       java.lang.ClassLoader::compareCerts (149 bytes)
Event: 8.653 Thread 0x0000000019518800 nmethod 3788 0x00000000037f4a50 code [0x00000000037f4be0, 0x00000000037f4f18]
Event: 8.654 Thread 0x0000000019518800 3789       1       org.springframework.cglib.core.ClassEmitter::end_class (82 bytes)
Event: 8.655 Thread 0x0000000019518800 nmethod 3789 0x00000000037f50d0 code [0x00000000037f52a0, 0x00000000037f5638]
Event: 8.660 Thread 0x0000000019518800 3790       1       java.beans.Introspector::getTargetEventInfo (1082 bytes)

GC Heap History (10 events):
Event: 4.503 GC heap before
{Heap before GC invocations=7 (full 1):
 PSYoungGen      total 71680K, used 66560K [0x00000000d5580000, 0x00000000de880000, 0x0000000100000000)
  eden space 66560K, 100% used [0x00000000d5580000,0x00000000d9680000,0x00000000d9680000)
  from space 5120K, 0% used [0x00000000d9680000,0x00000000d9680000,0x00000000d9b80000)
  to   space 8704K, 0% used [0x00000000de000000,0x00000000de000000,0x00000000de880000)
 ParOldGen       total 53760K, used 8381K [0x0000000080000000, 0x0000000083480000, 0x00000000d5580000)
  object space 53760K, 15% used [0x0000000080000000,0x000000008082f510,0x0000000083480000)
 Metaspace       used 25468K, capacity 26370K, committed 26624K, reserved 1073152K
  class space    used 3468K, capacity 3714K, committed 3840K, reserved 1048576K
Event: 4.514 GC heap after
Heap after GC invocations=7 (full 1):
 PSYoungGen      total 119808K, used 6323K [0x00000000d5580000, 0x00000000de680000, 0x0000000100000000)
  eden space 113152K, 0% used [0x00000000d5580000,0x00000000d5580000,0x00000000dc400000)
  from space 6656K, 94% used [0x00000000de000000,0x00000000de62cc38,0x00000000de680000)
  to   space 8704K, 0% used [0x00000000dd580000,0x00000000dd580000,0x00000000dde00000)
 ParOldGen       total 53760K, used 8453K [0x0000000080000000, 0x0000000083480000, 0x00000000d5580000)
  object space 53760K, 15% used [0x0000000080000000,0x0000000080841520,0x0000000083480000)
 Metaspace       used 25468K, capacity 26370K, committed 26624K, reserved 1073152K
  class space    used 3468K, capacity 3714K, committed 3840K, reserved 1048576K
}
Event: 5.749 GC heap before
{Heap before GC invocations=8 (full 1):
 PSYoungGen      total 119808K, used 119475K [0x00000000d5580000, 0x00000000de680000, 0x0000000100000000)
  eden space 113152K, 100% used [0x00000000d5580000,0x00000000dc400000,0x00000000dc400000)
  from space 6656K, 94% used [0x00000000de000000,0x00000000de62cc38,0x00000000de680000)
  to   space 8704K, 0% used [0x00000000dd580000,0x00000000dd580000,0x00000000dde00000)
 ParOldGen       total 53760K, used 8453K [0x0000000080000000, 0x0000000083480000, 0x00000000d5580000)
  object space 53760K, 15% used [0x0000000080000000,0x0000000080841520,0x0000000083480000)
 Metaspace       used 27800K, capacity 28856K, committed 28928K, reserved 1075200K
  class space    used 3803K, capacity 4045K, committed 4096K, reserved 1048576K
Event: 5.775 GC heap after
Heap after GC invocations=8 (full 1):
 PSYoungGen      total 139776K, used 8678K [0x00000000d5580000, 0x00000000e2480000, 0x0000000100000000)
  eden space 131072K, 0% used [0x00000000d5580000,0x00000000d5580000,0x00000000dd580000)
  from space 8704K, 99% used [0x00000000dd580000,0x00000000dddf9b20,0x00000000dde00000)
  to   space 11264K, 0% used [0x00000000e1980000,0x00000000e1980000,0x00000000e2480000)
 ParOldGen       total 53760K, used 12300K [0x0000000080000000, 0x0000000083480000, 0x00000000d5580000)
  object space 53760K, 22% used [0x0000000080000000,0x0000000080c03020,0x0000000083480000)
 Metaspace       used 27800K, capacity 28856K, committed 28928K, reserved 1075200K
  class space    used 3803K, capacity 4045K, committed 4096K, reserved 1048576K
}
Event: 7.241 GC heap before
{Heap before GC invocations=9 (full 1):
 PSYoungGen      total 139776K, used 139750K [0x00000000d5580000, 0x00000000e2480000, 0x0000000100000000)
  eden space 131072K, 100% used [0x00000000d5580000,0x00000000dd580000,0x00000000dd580000)
  from space 8704K, 99% used [0x00000000dd580000,0x00000000dddf9b20,0x00000000dde00000)
  to   space 11264K, 0% used [0x00000000e1980000,0x00000000e1980000,0x00000000e2480000)
 ParOldGen       total 53760K, used 12300K [0x0000000080000000, 0x0000000083480000, 0x00000000d5580000)
  object space 53760K, 22% used [0x0000000080000000,0x0000000080c03020,0x0000000083480000)
 Metaspace       used 32502K, capacity 34074K, committed 34304K, reserved 1079296K
  class space    used 4473K, capacity 4802K, committed 4864K, reserved 1048576K
Event: 7.265 GC heap after
Heap after GC invocations=9 (full 1):
 PSYoungGen      total 197120K, used 11248K [0x00000000d5580000, 0x00000000e4500000, 0x0000000100000000)
  eden space 185856K, 0% used [0x00000000d5580000,0x00000000d5580000,0x00000000e0b00000)
  from space 11264K, 99% used [0x00000000e1980000,0x00000000e247c030,0x00000000e2480000)
  to   space 14848K, 0% used [0x00000000e0b00000,0x00000000e0b00000,0x00000000e1980000)
 ParOldGen       total 53760K, used 16410K [0x0000000080000000, 0x0000000083480000, 0x00000000d5580000)
  object space 53760K, 30% used [0x0000000080000000,0x0000000081006a98,0x0000000083480000)
 Metaspace       used 32502K, capacity 34074K, committed 34304K, reserved 1079296K
  class space    used 4473K, capacity 4802K, committed 4864K, reserved 1048576K
}
Event: 7.558 GC heap before
{Heap before GC invocations=10 (full 1):
 PSYoungGen      total 197120K, used 23756K [0x00000000d5580000, 0x00000000e4500000, 0x0000000100000000)
  eden space 185856K, 6% used [0x00000000d5580000,0x00000000d61b7118,0x00000000e0b00000)
  from space 11264K, 99% used [0x00000000e1980000,0x00000000e247c030,0x00000000e2480000)
  to   space 14848K, 0% used [0x00000000e0b00000,0x00000000e0b00000,0x00000000e1980000)
 ParOldGen       total 53760K, used 16410K [0x0000000080000000, 0x0000000083480000, 0x00000000d5580000)
  object space 53760K, 30% used [0x0000000080000000,0x0000000081006a98,0x0000000083480000)
 Metaspace       used 33787K, capacity 35386K, committed 35416K, reserved 1079296K
  class space    used 4642K, capacity 4962K, committed 4992K, reserved 1048576K
Event: 7.587 GC heap after
Heap after GC invocations=10 (full 1):
 PSYoungGen      total 200704K, used 13667K [0x00000000d5580000, 0x00000000e4500000, 0x0000000100000000)
  eden space 185856K, 0% used [0x00000000d5580000,0x00000000d5580000,0x00000000e0b00000)
  from space 14848K, 92% used [0x00000000e0b00000,0x00000000e1858e00,0x00000000e1980000)
  to   space 11264K, 0% used [0x00000000e1980000,0x00000000e1980000,0x00000000e2480000)
 ParOldGen       total 53760K, used 18566K [0x0000000080000000, 0x0000000083480000, 0x00000000d5580000)
  object space 53760K, 34% used [0x0000000080000000,0x0000000081221a48,0x0000000083480000)
 Metaspace       used 33787K, capacity 35386K, committed 35416K, reserved 1079296K
  class space    used 4642K, capacity 4962K, committed 4992K, reserved 1048576K
}
Event: 7.587 GC heap before
{Heap before GC invocations=11 (full 2):
 PSYoungGen      total 200704K, used 13667K [0x00000000d5580000, 0x00000000e4500000, 0x0000000100000000)
  eden space 185856K, 0% used [0x00000000d5580000,0x00000000d5580000,0x00000000e0b00000)
  from space 14848K, 92% used [0x00000000e0b00000,0x00000000e1858e00,0x00000000e1980000)
  to   space 11264K, 0% used [0x00000000e1980000,0x00000000e1980000,0x00000000e2480000)
 ParOldGen       total 53760K, used 18566K [0x0000000080000000, 0x0000000083480000, 0x00000000d5580000)
  object space 53760K, 34% used [0x0000000080000000,0x0000000081221a48,0x0000000083480000)
 Metaspace       used 33787K, capacity 35386K, committed 35416K, reserved 1079296K
  class space    used 4642K, capacity 4962K, committed 4992K, reserved 1048576K
Event: 7.740 GC heap after
Heap after GC invocations=11 (full 2):
 PSYoungGen      total 200704K, used 0K [0x00000000d5580000, 0x00000000e4500000, 0x0000000100000000)
  eden space 185856K, 0% used [0x00000000d5580000,0x00000000d5580000,0x00000000e0b00000)
  from space 14848K, 0% used [0x00000000e0b00000,0x00000000e0b00000,0x00000000e1980000)
  to   space 11264K, 0% used [0x00000000e1980000,0x00000000e1980000,0x00000000e2480000)
 ParOldGen       total 53760K, used 21158K [0x0000000080000000, 0x0000000083480000, 0x00000000d5580000)
  object space 53760K, 39% used [0x0000000080000000,0x00000000814a9b78,0x0000000083480000)
 Metaspace       used 33787K, capacity 35386K, committed 35416K, reserved 1079296K
  class space    used 4642K, capacity 4962K, committed 4992K, reserved 1048576K
}

Deoptimization events (0 events):
No events

Internal exceptions (10 events):
Event: 8.649 Thread 0x0000000002f28800 Exception <a 'java/lang/ClassNotFoundException': org/springframework/context/annotation/ConfigurationClassEnhancer$EnhancedConfigurationCustomizer> (0x00000000d8a8e040) thrown at [C:\re\workspace\8-2-build-windows-amd64-cygwin\jdk8u121\8372\hotspot\src\sh
Event: 8.650 Thread 0x0000000002f28800 Exception <a 'java/lang/ClassNotFoundException': org/springframework/beans/factory/BeanFactoryAwareCustomizer> (0x00000000d8ab3e98) thrown at [C:\re\workspace\8-2-build-windows-amd64-cygwin\jdk8u121\8372\hotspot\src\share\vm\classfile\systemDictionary.cpp
Event: 8.651 Thread 0x0000000002f28800 Exception <a 'java/lang/ClassNotFoundException': org/springframework/beans/factory/AwareCustomizer> (0x00000000d8ad60e8) thrown at [C:\re\workspace\8-2-build-windows-amd64-cygwin\jdk8u121\8372\hotspot\src\share\vm\classfile\systemDictionary.cpp, line 210]
Event: 8.656 Thread 0x0000000002f28800 Exception <a 'java/lang/ClassNotFoundException': java/lang/ObjectCustomizer> (0x00000000d8b54918) thrown at [C:\re\workspace\8-2-build-windows-amd64-cygwin\jdk8u121\8372\hotspot\src\share\vm\classfile\systemDictionary.cpp, line 210]
Event: 8.659 Thread 0x0000000002f28800 Exception <a 'java/lang/ClassNotFoundException': io/micrometer/core/instrument/binder/jvm/JvmGcMetricsCustomizer> (0x00000000d8b7f658) thrown at [C:\re\workspace\8-2-build-windows-amd64-cygwin\jdk8u121\8372\hotspot\src\share\vm\classfile\systemDictionary.
Event: 8.660 Thread 0x0000000002f28800 Exception <a 'java/lang/ClassNotFoundException': io/micrometer/core/instrument/binder/MeterBinderCustomizer> (0x00000000d8ba6128) thrown at [C:\re\workspace\8-2-build-windows-amd64-cygwin\jdk8u121\8372\hotspot\src\share\vm\classfile\systemDictionary.cpp, 
Event: 8.662 Thread 0x0000000002f28800 Exception <a 'java/lang/ClassNotFoundException': java/lang/ObjectCustomizer> (0x00000000d8bbaf78) thrown at [C:\re\workspace\8-2-build-windows-amd64-cygwin\jdk8u121\8372\hotspot\src\share\vm\classfile\systemDictionary.cpp, line 210]
Event: 8.665 Thread 0x0000000002f28800 Exception <a 'java/lang/ClassNotFoundException': io/micrometer/core/instrument/binder/jvm/JvmMemoryMetricsCustomizer> (0x00000000d8be7ff8) thrown at [C:\re\workspace\8-2-build-windows-amd64-cygwin\jdk8u121\8372\hotspot\src\share\vm\classfile\systemDiction
Event: 8.666 Thread 0x0000000002f28800 Exception <a 'java/lang/ClassNotFoundException': io/micrometer/core/instrument/binder/MeterBinderCustomizer> (0x00000000d8c0e690) thrown at [C:\re\workspace\8-2-build-windows-amd64-cygwin\jdk8u121\8372\hotspot\src\share\vm\classfile\systemDictionary.cpp, 
Event: 8.667 Thread 0x0000000002f28800 Exception <a 'java/lang/ClassNotFoundException': java/lang/ObjectCustomizer> (0x00000000d8c23770) thrown at [C:\re\workspace\8-2-build-windows-amd64-cygwin\jdk8u121\8372\hotspot\src\share\vm\classfile\systemDictionary.cpp, line 210]

Events (10 events):
Event: 8.666 loading class io/micrometer/core/instrument/binder/MeterBinderCustomizer
Event: 8.666 loading class io/micrometer/core/instrument/binder/MeterBinderCustomizer done
Event: 8.667 loading class java/lang/ObjectCustomizer
Event: 8.667 loading class java/lang/ObjectCustomizer done
Event: 8.667 loading class java/lang/ObjectCustomizer
Event: 8.667 loading class java/lang/ObjectCustomizer done
Event: 8.668 loading class io/micrometer/core/instrument/binder/jvm/JvmThreadMetricsCustomizer
Event: 8.668 loading class io/micrometer/core/instrument/binder/jvm/JvmThreadMetricsCustomizer done
Event: 8.668 loading class io/micrometer/core/instrument/binder/jvm/JvmThreadMetricsCustomizer
Event: 8.668 loading class io/micrometer/core/instrument/binder/jvm/JvmThreadMetricsCustomizer done


Dynamic libraries:
0x00007ff66bae0000 - 0x00007ff66bb17000 	C:\Program Files\Java\jre1.8.0_121\bin\javaw.exe
0x00007ffdf33c0000 - 0x00007ffdf35a1000 	C:\WINDOWS\SYSTEM32\ntdll.dll
0x00007ffdf28a0000 - 0x00007ffdf2952000 	C:\WINDOWS\System32\KERNEL32.DLL
0x00007ffdf04f0000 - 0x00007ffdf0763000 	C:\WINDOWS\System32\KERNELBASE.dll
0x00007ffdf32e0000 - 0x00007ffdf3381000 	C:\WINDOWS\System32\ADVAPI32.dll
0x00007ffdf2960000 - 0x00007ffdf29fe000 	C:\WINDOWS\System32\msvcrt.dll
0x00007ffdf1ee0000 - 0x00007ffdf1f3b000 	C:\WINDOWS\System32\sechost.dll
0x00007ffdf1fe0000 - 0x00007ffdf2104000 	C:\WINDOWS\System32\RPCRT4.dll
0x00007ffdf26a0000 - 0x00007ffdf2830000 	C:\WINDOWS\System32\USER32.dll
0x00007ffdf0240000 - 0x00007ffdf0260000 	C:\WINDOWS\System32\win32u.dll
0x00007ffdf09f0000 - 0x00007ffdf0a18000 	C:\WINDOWS\System32\GDI32.dll
0x00007ffdf0300000 - 0x00007ffdf0492000 	C:\WINDOWS\System32\gdi32full.dll
0x00007ffdf0260000 - 0x00007ffdf02ff000 	C:\WINDOWS\System32\msvcp_win.dll
0x00007ffdf0140000 - 0x00007ffdf023a000 	C:\WINDOWS\System32\ucrtbase.dll
0x00007ffded910000 - 0x00007ffdedb79000 	C:\WINDOWS\WinSxS\amd64_microsoft.windows.common-controls_6595b64144ccf1df_6.0.17134.228_none_fb4599993062b194\COMCTL32.dll
0x00007ffdf2f50000 - 0x00007ffdf3273000 	C:\WINDOWS\System32\combase.dll
0x00007ffdf07d0000 - 0x00007ffdf084a000 	C:\WINDOWS\System32\bcryptPrimitives.dll
0x00007ffdf22e0000 - 0x00007ffdf230d000 	C:\WINDOWS\System32\IMM32.DLL
0x00007ffdef570000 - 0x00007ffdef5cd000 	C:\Program Files\Citrix\System32\MfApHook64.dll
0x00007ffdeec60000 - 0x00007ffdeec8b000 	C:\Program Files\Citrix\ICAService\CtxDodHook64.dll
0x00007ffdef490000 - 0x00007ffdef4c2000 	C:\Program Files\Citrix\ICAService\picaFullScreenHookX64.dll
0x00007ffdeee80000 - 0x00007ffdeeece000 	C:\Program Files\Citrix\ICAService\ShellHook64.dll
0x00007ffdf0a20000 - 0x00007ffdf1e60000 	C:\WINDOWS\System32\SHELL32.dll
0x00007ffdf04a0000 - 0x00007ffdf04e9000 	C:\WINDOWS\System32\cfgmgr32.dll
0x00007ffdf25f0000 - 0x00007ffdf2699000 	C:\WINDOWS\System32\shcore.dll
0x00007ffdef790000 - 0x00007ffdefe9d000 	C:\WINDOWS\System32\windows.storage.dll
0x00007ffdf3280000 - 0x00007ffdf32d1000 	C:\WINDOWS\System32\shlwapi.dll
0x00007ffdef720000 - 0x00007ffdef731000 	C:\WINDOWS\System32\kernel.appcore.dll
0x00007ffdef750000 - 0x00007ffdef76f000 	C:\WINDOWS\System32\profapi.dll
0x00007ffdef6d0000 - 0x00007ffdef71c000 	C:\WINDOWS\System32\powrprof.dll
0x00007ffdef740000 - 0x00007ffdef74a000 	C:\WINDOWS\System32\FLTLIB.DLL
0x00007ffdeed00000 - 0x00007ffdeee7c000 	C:\Program Files\Citrix\ICAService\SCardHook64.dll
0x00007ffdee9d0000 - 0x00007ffdee9fa000 	C:\Program Files\Citrix\ICAService\cxinjime64.dll
0x00007ffdee980000 - 0x00007ffdee9c8000 	C:\Program Files\Citrix\ICAService\PicaWtsHook64.dll
0x0000000069150000 - 0x0000000069222000 	C:\Program Files\Java\jre1.8.0_121\bin\msvcr100.dll
0x0000000069230000 - 0x0000000069acb000 	C:\Program Files\Java\jre1.8.0_121\bin\server\jvm.dll
0x00007ffdf2a00000 - 0x00007ffdf2a08000 	C:\WINDOWS\System32\PSAPI.DLL
0x00007ffddf6d0000 - 0x00007ffddf6d9000 	C:\WINDOWS\SYSTEM32\WSOCK32.dll
0x00007ffdf2830000 - 0x00007ffdf289c000 	C:\WINDOWS\System32\WS2_32.dll
0x00007ffde9a90000 - 0x00007ffde9ab3000 	C:\WINDOWS\SYSTEM32\WINMM.dll
0x00007ffdeef90000 - 0x00007ffdeef9a000 	C:\WINDOWS\SYSTEM32\VERSION.dll
0x00007ffde9a60000 - 0x00007ffde9a8a000 	C:\WINDOWS\SYSTEM32\WINMMBASE.dll
0x000000006a510000 - 0x000000006a51f000 	C:\Program Files\Java\jre1.8.0_121\bin\verify.dll
0x000000006a010000 - 0x000000006a039000 	C:\Program Files\Java\jre1.8.0_121\bin\java.dll
0x000000006a4f0000 - 0x000000006a506000 	C:\Program Files\Java\jre1.8.0_121\bin\zip.dll
0x0000000069f80000 - 0x0000000069f8d000 	C:\Program Files\Java\jre1.8.0_121\bin\management.dll
0x0000000069ff0000 - 0x000000006a00a000 	C:\Program Files\Java\jre1.8.0_121\bin\net.dll
0x00007ffdee3b0000 - 0x00007ffdee416000 	C:\WINDOWS\system32\mswsock.dll
0x0000000069fd0000 - 0x0000000069fe1000 	C:\Program Files\Java\jre1.8.0_121\bin\nio.dll
0x00007ffde3320000 - 0x00007ffde3336000 	C:\WINDOWS\system32\napinsp.dll
0x00007ffde3340000 - 0x00007ffde335a000 	C:\WINDOWS\system32\pnrpnsp.dll
0x00007ffdeb080000 - 0x00007ffdeb099000 	C:\WINDOWS\system32\NLAapi.dll
0x00007ffdee180000 - 0x00007ffdee23e000 	C:\WINDOWS\SYSTEM32\DNSAPI.dll
0x00007ffdf1fd0000 - 0x00007ffdf1fd8000 	C:\WINDOWS\System32\NSI.dll
0x00007ffdee140000 - 0x00007ffdee178000 	C:\WINDOWS\SYSTEM32\IPHLPAPI.DLL
0x00007ffde3360000 - 0x00007ffde336e000 	C:\WINDOWS\System32\winrnr.dll
0x00007ffde8250000 - 0x00007ffde825a000 	C:\Windows\System32\rasadhlp.dll
0x00007ffde8b60000 - 0x00007ffde8bd2000 	C:\WINDOWS\System32\fwpuclnt.dll
0x00007ffdeef40000 - 0x00007ffdeef65000 	C:\WINDOWS\SYSTEM32\bcrypt.dll
0x00007ffdee560000 - 0x00007ffdee577000 	C:\WINDOWS\SYSTEM32\CRYPTSP.dll
0x00007ffdedfa0000 - 0x00007ffdedfd3000 	C:\WINDOWS\system32\rsaenh.dll
0x00007ffdef5d0000 - 0x00007ffdef5f8000 	C:\WINDOWS\SYSTEM32\USERENV.dll
0x00007ffdee580000 - 0x00007ffdee58b000 	C:\WINDOWS\SYSTEM32\CRYPTBASE.dll
0x00007ffde8580000 - 0x00007ffde8596000 	C:\WINDOWS\SYSTEM32\dhcpcsvc6.DLL
0x00007ffde8560000 - 0x00007ffde857a000 	C:\WINDOWS\SYSTEM32\dhcpcsvc.DLL

VM Arguments:
jvm_args: -Dcom.sun.management.jmxremote -Dcom.sun.management.jmxremote.port=57132 -Dcom.sun.management.jmxremote.authenticate=false -Dcom.sun.management.jmxremote.ssl=false -Djava.rmi.server.hostname=localhost -Dspring.liveBeansView.mbeanDomain -Dspring.application.admin.enabled=true -Xverify:none -XX:TieredStopAtLevel=1 -Dfile.encoding=UTF-8 
java_command: com.mm.account.accountservice.AccountServiceApplication --spring.output.ansi.enabled=always
java_class_path (initial): C:\Shubham\Spring-boot-workspaces\spring-cloud-mmbank\account-service\target\classes;C:\Users\shuraut\.m2\repository\org\springframework\cloud\spring-cloud-starter-netflix-eureka-client\2.0.2.RELEASE\spring-cloud-starter-netflix-eureka-client-2.0.2.RELEASE.jar;C:\Users\shuraut\.m2\repository\org\springframework\cloud\spring-cloud-starter\2.0.2.RELEASE\spring-cloud-starter-2.0.2.RELEASE.jar;C:\Users\shuraut\.m2\repository\org\springframework\cloud\spring-cloud-context\2.0.2.RELEASE\spring-cloud-context-2.0.2.RELEASE.jar;C:\Users\shuraut\.m2\repository\org\springframework\security\spring-security-crypto\5.1.3.RELEASE\spring-security-crypto-5.1.3.RELEASE.jar;C:\Users\shuraut\.m2\repository\org\springframework\cloud\spring-cloud-commons\2.0.2.RELEASE\spring-cloud-commons-2.0.2.RELEASE.jar;C:\Users\shuraut\.m2\repository\org\springframework\security\spring-security-rsa\1.0.7.RELEASE\spring-security-rsa-1.0.7.RELEASE.jar;C:\Users\shuraut\.m2\repository\org\bouncycastle\bcpkix-jdk15on\1.60\bcpkix-jdk15on-1.60.jar;C:\Users\shuraut\.m2\repository\org\bouncycastle\bcprov-jdk15on\1.60\bcprov-jdk15on-1.60.jar;C:\Users\shuraut\.m2\repository\org\springframework\cloud\spring-cloud-netflix-core\2.0.2.RELEASE\spring-cloud-netflix-core-2.0.2.RELEASE.jar;C:\Users\shuraut\.m2\repository\org\springframework\boot\spring-boot-autoconfigure\2.1.2.RELEASE\spring-boot-autoconfigure-2.1.2.RELEASE.jar;C:\Users\shuraut\.m2\repository\org\springframework\boot\spring-boot-starter-aop\2.1.2.RELEASE\spring-boot-starter-aop-2.1.2.RELEASE.jar;C:\Users\shuraut\.m2\repository\org\aspectj\aspectjweaver\1.9.2\aspectjweaver-1.9.2.jar;C:\Users\shuraut\.m2\repository\org\springframework\cloud\spring-cloud-netflix-eureka-client\2.0.2.RELEASE\spring-cloud-netflix-eureka-client-2.0.2.RELEASE.jar;C:\Users\shuraut\.m2\repository\com\netflix\eureka\eureka-client\1.9.3\eureka-client-1.9.3.jar;C:\Users\shuraut\.m2\repository\org\codehaus\jettison\jettison\1.3.7\jettison-1.3.7.jar;C:\Us
Launcher Type: SUN_STANDARD

Environment Variables:
PATH=C:/Program Files/Java/jre1.8.0_121/bin/server;C:/Program Files/Java/jre1.8.0_121/bin;C:/Program Files/Java/jre1.8.0_121/lib/amd64;C:\Python34\;C:\Python34\Scripts;C:\oraclexe\app\oracle\product\11.2.0\server\bin;C:\ProgramData\Oracle\Java\javapath;C:\WINDOWS\system32;C:\WINDOWS;C:\WINDOWS\System32\Wbem;C:\WINDOWS\System32\WindowsPowerShell\v1.0\;C:\Program Files\TortoiseSVN\bin;C:\Program Files\nodejs\;C:\Program Files\Git\cmd;C:\Program Files (x86)\Microsoft SQL Server\110\Tools\Binn\ManagementStudio\;C:\Program Files (x86)\Microsoft SQL Server\110\Tools\Binn\;C:\Program Files (x86)\Microsoft SQL Server\110\DTS\Binn\;C:\Program Files\Citrix\System32\;C:\Program Files\Citrix\ICAService\;C:\WINDOWS\System32\OpenSSH\;C:\Users\shuraut\AppData\Local\Microsoft\WindowsApps;;C:\SOFTWARES\spring-tool-suite-3.9.7.RELEASE-e4.10.0-win32-x86_64\sts-bundle\sts-3.9.7.RELEASE;
USERNAME=shuraut
OS=Windows_NT
PROCESSOR_IDENTIFIER=Intel64 Family 15 Model 6 Stepping 1, GenuineIntel



---------------  S Y S T E M  ---------------

OS: Windows 10.0 , 64 bit Build 17134 (10.0.17134.1)

CPU:total 4 (2 cores per cpu, 1 threads per core) family 15 model 6 stepping 1, cmov, cx8, fxsr, mmx, sse, sse2, sse3, ssse3, sse4.1, sse4.2, popcnt, avx, avx2, aes, clmul, erms, rtm, 3dnowpref, lzcnt, tsc, bmi1, bmi2, adx

Memory: 4k page, physical 8388056k(488692k free), swap 18697820k(0k free)

vm_info: Java HotSpot(TM) 64-Bit Server VM (25.121-b13) for windows-amd64 JRE (1.8.0_121-b13), built on Dec 12 2016 18:21:36 by "java_re" with MS VC++ 10.0 (VS2010)

time: Thu Jan 24 18:18:35 2019
elapsed time: 8 seconds (0d 0h 0m 8s)

