#
# A fatal error has been detected by the Java Runtime Environment:
#
#  EXCEPTION_ACCESS_VIOLATION (0xc0000005) at pc=0x0000000069443b57, pid=5420, tid=0x0000000000007710
#
# JRE version: Java(TM) SE Runtime Environment (8.0_121-b13) (build 1.8.0_121-b13)
# Java VM: Java HotSpot(TM) 64-Bit Server VM (25.121-b13 mixed mode windows-amd64 compressed oops)
# Problematic frame:
# V  [jvm.dll+0x213b57]
#
# Failed to write core dump. Minidumps are not enabled by default on client versions of Windows
#
# If you would like to submit a bug report, please visit:
#   http://bugreport.java.com/bugreport/crash.jsp
#

---------------  T H R E A D  ---------------

Current thread (0x0000000017e74800):  JavaThread "Signal Dispatcher" daemon [_thread_in_vm, id=30480, stack(0x00000000192c0000,0x00000000193c0000)]

siginfo: ExceptionCode=0xc0000005, writing address 0x00000000193ba5f0

Registers:
RAX=0x00000000193ba5f0, RBX=0x0000000000000006, RCX=0x0000000000005000, RDX=0x0000000000000006
RSP=0x00000000193bf5f0, RBP=0x0000000000000000, RSI=0x00000000193bf5f0, RDI=0x0000000000000006
R8 =0x0000000000000006, R9 =0x000000000324c620, R10=0x00000000174fb9a0, R11=0x00000000192ca150
R12=0x000000000324c620, R13=0x0000000017e74800, R14=0x00000000193bf6b8, R15=0x00000000174fb9a0
RIP=0x0000000069443b57, EFLAGS=0x0000000000010206

Top of Stack: (sp=0x00000000193bf5f0)
0x00000000193bf5f0:   0000000000000001 00007ffdf33d2b55
0x00000000193bf600:   0000000017e74800 000000000324c620
0x00000000193bf610:   00000000ffffffff 0000000069444a87
0x00000000193bf620:   00000000193bf720 00000000174fb9a0
0x00000000193bf630:   0000000017e74800 00000000692f0923
0x00000000193bf640:   00000000193bf680 0000000017e74800
0x00000000193bf650:   00000000193bf710 0000000017e74800
0x00000000193bf660:   00000000174fb9a0 0000000017e74800
0x00000000193bf670:   0000000003262f40 0000000017e74800
0x00000000193bf680:   00000000174fb9a0 0000000017e74800
0x00000000193bf690:   00000000174fb9a0 0000000017e74800
0x00000000193bf6a0:   0000000000000001 00000000174fb9a0
0x00000000193bf6b0:   0000000017e74800 000000000324d160
0x00000000193bf6c0:   0000000017e74800 00000000692f1e0d
0x00000000193bf6d0:   00000000193bfae0 00000001000069a0
0x00000000193bf6e0:   00000001000069a0 0000000069230000 

Instructions: (pc=0x0000000069443b57)
0x0000000069443b37:   48 89 6c 24 30 33 ed 66 90 e8 2b 3b 08 00 ff c3
0x0000000069443b47:   48 63 c8 48 8b c6 48 0f af cf 48 ff c7 48 2b c1
0x0000000069443b57:   89 28 48 63 c3 48 3b 05 75 1b 59 00 7e db 48 8b
0x0000000069443b67:   6c 24 30 48 8b 5c 24 38 48 8b 74 24 40 48 83 c4 


Register to memory mapping:

RAX=0x00000000193ba5f0 is pointing into the stack for thread: 0x0000000017e74800
RBX=0x0000000000000006 is an unknown value
RCX=0x0000000000005000 is an unknown value
RDX=0x0000000000000006 is an unknown value
RSP=0x00000000193bf5f0 is pointing into the stack for thread: 0x0000000017e74800
RBP=0x0000000000000000 is an unknown value
RSI=0x00000000193bf5f0 is pointing into the stack for thread: 0x0000000017e74800
RDI=0x0000000000000006 is an unknown value
R8 =0x0000000000000006 is an unknown value
R9 =0x000000000324c620 is an unknown value
R10={method} {0x00000000174fb9a8} 'exit' '()V' in 'java/lang/Thread'
R11=0x00000000192ca150 is pointing into the stack for thread: 0x0000000017e74800
R12=0x000000000324c620 is an unknown value
R13=0x0000000017e74800 is a thread
R14=0x00000000193bf6b8 is pointing into the stack for thread: 0x0000000017e74800
R15={method} {0x00000000174fb9a8} 'exit' '()V' in 'java/lang/Thread'


Stack: [0x00000000192c0000,0x00000000193c0000],  sp=0x00000000193bf5f0,  free space=1021k
